<?xml version="1.0" encoding="UTF-8"?>
<!-- Generated by org.testng.reporters.JUnitReportReporter -->
<testsuite hostname="IL-MHADAR" failures="0" tests="1" name="tests.DateTest" time="0.433" errors="0" timestamp="2022-11-12T10:21:39 IST" skipped="0">
  <testcase classname="tests.DateTest" name="tc13" time="0.433"/>
  <system-out/>
</testsuite> <!-- tests.DateTest -->
