<?xml version="1.0" encoding="UTF-8"?>
<!-- Generated by org.testng.reporters.JUnitReportReporter -->
<testsuite hostname="IL-MHADAR" failures="0" tests="1" name="tests.PlaningFlowTest" time="62.572" errors="0" timestamp="2022-11-05T10:47:48 IST" skipped="0">
  <testcase classname="tests.PlaningFlowTest" name="tc07_PlaningTest" time="62.572"/>
  <system-out/>
</testsuite> <!-- tests.PlaningFlowTest -->
