<?xml version="1.0" encoding="UTF-8"?>
<!-- Generated by org.testng.reporters.JUnitReportReporter -->
<testsuite hostname="IL-MHADAR" failures="0" tests="1" name="tests.DateTest" time="0.473" errors="0" timestamp="2022-11-05T08:18:59 IST" skipped="0">
  <testcase classname="tests.DateTest" name="printDate" time="0.473"/>
  <system-out/>
</testsuite> <!-- tests.DateTest -->
