<?xml version="1.0" encoding="UTF-8"?>
<!-- Generated by org.testng.reporters.JUnitReportReporter -->
<testsuite hostname="IL-MHADAR" failures="0" tests="9" name="tests.PlaningFlowTest" time="56.647" errors="0" timestamp="2022-11-28T15:43:47 IST" skipped="0">
  <testcase classname="tests.PlaningFlowTest" name="tc08_planningTest" time="1.877"/>
  <system-out/>
  <testcase classname="tests.PlaningFlowTest" name="tc11_planningTest" time="17.649"/>
  <system-out/>
  <testcase classname="tests.PlaningFlowTest" name="tc12_planningTest" time="2.713"/>
  <system-out/>
  <testcase classname="tests.PlaningFlowTest" name="tc09_planningTest" time="6.325"/>
  <system-out/>
  <testcase classname="tests.PlaningFlowTest" name="tc13_planningTest" time="2.938"/>
  <system-out/>
  <testcase classname="tests.PlaningFlowTest" name="tc07_PlaningTest" time="13.065"/>
  <system-out/>
  <testcase classname="tests.PlaningFlowTest" name="tc14_planningTest" time="0.414"/>
  <system-out/>
  <testcase classname="tests.PlaningFlowTest" name="tc10_planningTest" time="2.186"/>
  <system-out/>
  <testcase classname="tests.PlaningFlowTest" name="tc15_PlanningTest" time="9.480"/>
  <system-out/>
</testsuite> <!-- tests.PlaningFlowTest -->
