<?xml version="1.0" encoding="UTF-8"?>
<!-- Generated by org.testng.reporters.JUnitReportReporter -->
<testsuite hostname="IL-MHADAR" failures="0" tests="2" name="tests.DestinationTest" time="17.580" errors="0" timestamp="2022-11-28T19:13:12 IST" skipped="0">
  <testcase classname="tests.DestinationTest" name="tc05_destinationTest" time="14.954"/>
  <system-out/>
  <testcase classname="tests.DestinationTest" name="tc06_destinationTest" time="2.626"/>
  <system-out/>
</testsuite> <!-- tests.DestinationTest -->
