<?xml version="1.0" encoding="UTF-8"?>
<!-- Generated by org.testng.reporters.JUnitReportReporter -->
<testsuite hostname="IL-MHADAR" failures="0" tests="4" name="tests.LoginTest" time="5.389" errors="0" timestamp="2022-11-30T09:57:46 IST" skipped="0">
  <testcase classname="tests.LoginTest" name="tc01_login" time="0.947"/>
  <system-out/>
  <testcase classname="tests.LoginTest" name="tc04_login" time="1.296"/>
  <system-out/>
  <testcase classname="tests.LoginTest" name="tc03_login" time="2.571"/>
  <system-out/>
  <testcase classname="tests.LoginTest" name="tc02_login" time="0.575"/>
  <system-out/>
</testsuite> <!-- tests.LoginTest -->
