<?xml version="1.0" encoding="UTF-8"?>
<!-- Generated by org.testng.reporters.JUnitReportReporter -->
<testsuite skipped="0" hostname="IL-MHADAR" name="tests.DestinationTest" tests="2" failures="0" timestamp="2022-11-04T09:29:40 IST" time="2.694" errors="0">
  <testcase name="tc05_destinationTest" time="1.933" classname="tests.DestinationTest"/>
  <system-out/>
  <testcase name="tc06_destinationTest" time="0.761" classname="tests.DestinationTest"/>
  <system-out/>
</testsuite> <!-- tests.DestinationTest -->
