<?xml version="1.0" encoding="UTF-8"?>
<!-- Generated by org.testng.reporters.JUnitReportReporter -->
<testsuite skipped="0" hostname="IL-MHADAR" name="tests.LoginTest" tests="4" failures="0" timestamp="2022-11-04T09:29:40 IST" time="5.774" errors="0">
  <testcase name="tc03_login" time="2.348" classname="tests.LoginTest"/>
  <system-out/>
  <testcase name="tc04_login" time="1.848" classname="tests.LoginTest"/>
  <system-out/>
  <testcase name="tc02_login" time="0.527" classname="tests.LoginTest"/>
  <system-out/>
  <testcase name="tc01_login" time="1.051" classname="tests.LoginTest"/>
  <system-out/>
</testsuite> <!-- tests.LoginTest -->
