<?xml version="1.0" encoding="UTF-8"?>
<!-- Generated by org.testng.reporters.JUnitReportReporter -->
<testsuite skipped="0" hostname="IL-MHADAR" name="tests.PlaningFlowTest" tests="9" failures="0" timestamp="2022-11-30T09:57:08 IST" time="44.358" errors="0">
  <testcase name="tc13_planningTest" time="2.778" classname="tests.PlaningFlowTest"/>
  <system-out/>
  <testcase name="tc15_PlanningTest" time="9.566" classname="tests.PlaningFlowTest"/>
  <system-out/>
  <testcase name="tc11_planningTest" time="17.825" classname="tests.PlaningFlowTest"/>
  <system-out/>
  <testcase name="tc10_planningTest" time="2.097" classname="tests.PlaningFlowTest"/>
  <system-out/>
  <testcase name="tc07_PlaningTest" time="1.029" classname="tests.PlaningFlowTest"/>
  <system-out/>
  <testcase name="tc08_planningTest" time="1.845" classname="tests.PlaningFlowTest"/>
  <system-out/>
  <testcase name="tc14_planningTest" time="0.397" classname="tests.PlaningFlowTest"/>
  <system-out/>
  <testcase name="tc12_planningTest" time="2.790" classname="tests.PlaningFlowTest"/>
  <system-out/>
  <testcase name="tc09_planningTest" time="6.031" classname="tests.PlaningFlowTest"/>
  <system-out/>
</testsuite> <!-- tests.PlaningFlowTest -->
